AlarmAndroid/app/build/intermediates/manifest_merge_blame_file/debug/manifest-merger-blame-debug-report.txt
1<?xml version="1.0" encoding="utf-8"?>
2<manifest xmlns:android="http://schemas.android.com/apk/res/android"
3    package="com.example.alarmandroid"
4    android:versionCode="1"
5    android:versionName="1.0" >
6
7    <uses-sdk
8        android:minSdkVersion="15"
8-->src\main\AndroidManifest.xml
9        android:targetSdkVersion="28" />
9-->src\main\AndroidManifest.xml
10
11    <application
11-->src\main\AndroidManifest.xml:5:5-28:19
12        android:allowBackup="true"
12-->src\main\AndroidManifest.xml:6:9-35
13        android:appComponentFactory="android.support.v4.app.CoreComponentFactory"
13-->[com.android.support:support-compat:28.0.0] AndroidManifest.xml:22:18-91
14        android:debuggable="true"
15        android:icon="@mipmap/ic_launcher"
15-->src\main\AndroidManifest.xml:7:9-43
16        android:label="@string/app_name"
16-->src\main\AndroidManifest.xml:8:9-41
17        android:roundIcon="@mipmap/ic_launcher_round"
17-->src\main\AndroidManifest.xml:9:9-54
18        android:supportsRtl="true"
18-->src\main\AndroidManifest.xml:10:9-35
19        android:testOnly="true"
20        android:theme="@style/AppTheme" >
20-->src\main\AndroidManifest.xml:11:9-40
21        <activity
21-->src\main\AndroidManifest.xml:12:9-20:20
22            android:name="com.example.alarmandroid.TabbedMenu"
22-->src\main\AndroidManifest.xml:13:13-39
23            android:label="@string/title_activity_tabbed_menu"
23-->src\main\AndroidManifest.xml:14:13-63
24            android:parentActivityName="com.example.alarmandroid.MainActivity"
24-->src\main\AndroidManifest.xml:15:13-55
25            android:theme="@style/AppTheme.NoActionBar" >
25-->src\main\AndroidManifest.xml:16:13-56
26            <meta-data
26-->src\main\AndroidManifest.xml:17:13-19:73
27                android:name="android.support.PARENT_ACTIVITY"
27-->src\main\AndroidManifest.xml:18:17-63
28                android:value="com.example.alarmandroid.MainActivity" />
28-->src\main\AndroidManifest.xml:19:17-70
29        </activity>
30        <activity android:name="com.example.alarmandroid.MainActivity" >
30-->src\main\AndroidManifest.xml:21:9-27:20
30-->src\main\AndroidManifest.xml:21:19-47
31            <intent-filter>
31-->src\main\AndroidManifest.xml:22:13-26:29
32                <action android:name="android.intent.action.MAIN" />
32-->src\main\AndroidManifest.xml:23:17-69
32-->src\main\AndroidManifest.xml:23:25-66
33
34                <category android:name="android.intent.category.LAUNCHER" />
34-->src\main\AndroidManifest.xml:25:17-77
34-->src\main\AndroidManifest.xml:25:27-74
35            </intent-filter>
36        </activity>
37
38        <provider
38-->[android.arch.lifecycle:extensions:1.1.1] AndroidManifest.xml:23:9-27:43
39            android:name="android.arch.lifecycle.ProcessLifecycleOwnerInitializer"
39-->[android.arch.lifecycle:extensions:1.1.1] AndroidManifest.xml:24:13-83
40            android:authorities="com.example.alarmandroid.lifecycle-trojan"
40-->[android.arch.lifecycle:extensions:1.1.1] AndroidManifest.xml:25:13-68
41            android:exported="false"
41-->[android.arch.lifecycle:extensions:1.1.1] AndroidManifest.xml:26:13-37
42            android:multiprocess="true" />
42-->[android.arch.lifecycle:extensions:1.1.1] AndroidManifest.xml:27:13-40
43    </application>
44
45</manifest>